<?xml version="1.0" encoding="UTF-8"?>
<testng-results skipped="0" failed="1" ignored="0" total="6" passed="5">
  <reporter-output>
  </reporter-output>
  <suite name="Default suite" duration-ms="67724" started-at="2019-06-17T10:48:51Z" finished-at="2019-06-17T10:49:59Z">
    <groups>
    </groups>
    <test name="Default test" duration-ms="67724" started-at="2019-06-17T10:48:51Z" finished-at="2019-06-17T10:49:59Z">
      <class name="testcase.Miscellaneous">
        <test-method status="PASS" signature="startTestCase()[pri:0, instance:testcase.Miscellaneous@101df177]" name="startTestCase" is-config="true" duration-ms="15316" started-at="2019-06-17T10:48:51Z" finished-at="2019-06-17T10:49:06Z">
          <reporter-output>
          </reporter-output>
        </test-method> <!-- startTestCase -->
        <test-method status="PASS" signature="forget_reset_Password()[pri:0, instance:testcase.Miscellaneous@101df177]" name="forget_reset_Password" duration-ms="22810" started-at="2019-06-17T10:49:07Z" finished-at="2019-06-17T10:49:29Z">
          <reporter-output>
          </reporter-output>
        </test-method> <!-- forget_reset_Password -->
        <test-method status="PASS" signature="goAndBackToUserRegistrationPage(java.lang.reflect.Method)[pri:0, instance:testcase.Miscellaneous@101df177]" name="goAndBackToUserRegistrationPage" duration-ms="5432" started-at="2019-06-17T10:49:29Z" finished-at="2019-06-17T10:49:35Z">
          <params>
            <param index="0">
              <value>
                <![CDATA[public void testcase.Miscellaneous.goAndBackToUserRegistrationPage(java.lang.reflect.Method)]]>
              </value>
            </param>
          </params>
          <reporter-output>
          </reporter-output>
        </test-method> <!-- goAndBackToUserRegistrationPage -->
        <test-method status="PASS" signature="goAndEntityRegistrationPage(java.lang.reflect.Method)[pri:0, instance:testcase.Miscellaneous@101df177]" name="goAndEntityRegistrationPage" duration-ms="7988" started-at="2019-06-17T10:49:35Z" finished-at="2019-06-17T10:49:43Z">
          <params>
            <param index="0">
              <value>
                <![CDATA[public void testcase.Miscellaneous.goAndEntityRegistrationPage(java.lang.reflect.Method)]]>
              </value>
            </param>
          </params>
          <reporter-output>
          </reporter-output>
        </test-method> <!-- goAndEntityRegistrationPage -->
        <test-method status="PASS" signature="loginTitle(java.lang.reflect.Method)[pri:0, instance:testcase.Miscellaneous@101df177]" name="loginTitle" duration-ms="14" started-at="2019-06-17T10:49:43Z" finished-at="2019-06-17T10:49:43Z">
          <params>
            <param index="0">
              <value>
                <![CDATA[public void testcase.Miscellaneous.loginTitle(java.lang.reflect.Method) throws java.lang.Exception]]>
              </value>
            </param>
          </params>
          <reporter-output>
          </reporter-output>
        </test-method> <!-- loginTitle -->
        <test-method status="PASS" signature="logo(java.lang.reflect.Method)[pri:0, instance:testcase.Miscellaneous@101df177]" name="logo" duration-ms="57" started-at="2019-06-17T10:49:43Z" finished-at="2019-06-17T10:49:43Z">
          <params>
            <param index="0">
              <value>
                <![CDATA[public void testcase.Miscellaneous.logo(java.lang.reflect.Method) throws java.lang.Exception]]>
              </value>
            </param>
          </params>
          <reporter-output>
          </reporter-output>
        </test-method> <!-- logo -->
        <test-method status="FAIL" signature="footerAtLogin()[pri:4, instance:testcase.Miscellaneous@101df177]" name="footerAtLogin" duration-ms="13142" started-at="2019-06-17T10:49:43Z" description="TEST CASE - 5 : Verify that footers at login page" finished-at="2019-06-17T10:49:56Z">
          <exception class="java.lang.NullPointerException">
            <full-stacktrace>
              <![CDATA[java.lang.NullPointerException
at org.openqa.selenium.support.pagefactory.DefaultElementLocator.findElement(DefaultElementLocator.java:69)
at org.openqa.selenium.support.pagefactory.internal.LocatingElementHandler.invoke(LocatingElementHandler.java:38)
at com.sun.proxy.$Proxy9.isDisplayed(Unknown Source)
at com.base.BasePage.footers(Unknown Source)
at testcase.Miscellaneous.footerAtLogin(Unknown Source)
at sun.reflect.NativeMethodAccessorImpl.invoke0(Native Method)
at sun.reflect.NativeMethodAccessorImpl.invoke(NativeMethodAccessorImpl.java:62)
at sun.reflect.DelegatingMethodAccessorImpl.invoke(DelegatingMethodAccessorImpl.java:43)
at java.lang.reflect.Method.invoke(Method.java:498)
at org.testng.internal.MethodInvocationHelper.invokeMethod(MethodInvocationHelper.java:124)
at org.testng.internal.Invoker.invokeMethod(Invoker.java:583)
at org.testng.internal.Invoker.invokeTestMethod(Invoker.java:719)
at org.testng.internal.Invoker.invokeTestMethods(Invoker.java:989)
at org.testng.internal.TestMethodWorker.invokeTestMethods(TestMethodWorker.java:125)
at org.testng.internal.TestMethodWorker.run(TestMethodWorker.java:109)
at org.testng.TestRunner.privateRun(TestRunner.java:648)
at org.testng.TestRunner.run(TestRunner.java:505)
at org.testng.SuiteRunner.runTest(SuiteRunner.java:455)
at org.testng.SuiteRunner.runSequentially(SuiteRunner.java:450)
at org.testng.SuiteRunner.privateRun(SuiteRunner.java:415)
at org.testng.SuiteRunner.run(SuiteRunner.java:364)
at org.testng.SuiteRunnerWorker.runSuite(SuiteRunnerWorker.java:52)
at org.testng.SuiteRunnerWorker.run(SuiteRunnerWorker.java:84)
at org.testng.TestNG.runSuitesSequentially(TestNG.java:1208)
at org.testng.TestNG.runSuitesLocally(TestNG.java:1137)
at org.testng.TestNG.runSuites(TestNG.java:1049)
at org.testng.TestNG.run(TestNG.java:1017)
at org.testng.remote.AbstractRemoteTestNG.run(AbstractRemoteTestNG.java:115)
at org.testng.remote.RemoteTestNG.initAndRun(RemoteTestNG.java:251)
at org.testng.remote.RemoteTestNG.main(RemoteTestNG.java:77)
]]>
            </full-stacktrace>
          </exception> <!-- java.lang.NullPointerException -->
          <reporter-output>
          </reporter-output>
        </test-method> <!-- footerAtLogin -->
        <test-method status="PASS" signature="endTestCase()[pri:0, instance:testcase.Miscellaneous@101df177]" name="endTestCase" is-config="true" duration-ms="2911" started-at="2019-06-17T10:49:56Z" finished-at="2019-06-17T10:49:59Z">
          <reporter-output>
          </reporter-output>
        </test-method> <!-- endTestCase -->
      </class> <!-- testcase.Miscellaneous -->
    </test> <!-- Default test -->
  </suite> <!-- Default suite -->
</testng-results>
