<?xml version="1.0" encoding="UTF-8"?>
<!-- Generated by org.testng.reporters.JUnitXMLReporter -->
<testsuite hostname="LTA1SKIVA4" ignored="4" name="CYSTest" tests="1" failures="1" timestamp="13 May 2019 09:36:38 GMT" time="32.719" errors="0">
  <testcase name="forget_reset_Password" time="0.221" classname="testcase.Miscellaneous">
    <failure type="java.lang.NullPointerException">
      <![CDATA[java.lang.NullPointerException
at utility.Retry.extendReportsFailOperations(Unknown Source)
at utility.Retry.retry(Unknown Source)
... Removed 21 stack frames]]>
    </failure>
  </testcase> <!-- forget_reset_Password -->
  <testcase name="goAndBackToUserRegistrationPage" time="0.0" classname="testcase.Miscellaneous">
    <ignored/>
  </testcase> <!-- goAndBackToUserRegistrationPage -->
  <testcase name="loginTitle" time="0.0" classname="testcase.Miscellaneous">
    <ignored/>
  </testcase> <!-- loginTitle -->
  <testcase name="logo" time="0.0" classname="testcase.Miscellaneous">
    <ignored/>
  </testcase> <!-- logo -->
  <testcase name="goAndEntityRegistrationPage" time="0.0" classname="testcase.Miscellaneous">
    <ignored/>
  </testcase> <!-- goAndEntityRegistrationPage -->
</testsuite> <!-- CYSTest -->
