<?xml version="1.0" encoding="UTF-8"?>
<!-- Generated by org.testng.reporters.JUnitXMLReporter -->
<testsuite hostname="LTA1SKIVA4" ignored="2" name="SanityTest" tests="1" failures="1" timestamp="14 May 2019 07:53:02 GMT" time="57.108" errors="0">
  <testcase name="userProfile" time="21.105" classname="testcase.HomePageTestCase">
    <failure type="java.lang.NullPointerException">
      <![CDATA[java.lang.NullPointerException
at utility.Retry.extendReportsFailOperations(Unknown Source)
at utility.Retry.retry(Unknown Source)
... Removed 21 stack frames]]>
    </failure>
  </testcase> <!-- userProfile -->
  <testcase name="userLastLoginInfo" time="0.0" classname="testcase.HomePageTestCase">
    <ignored/>
  </testcase> <!-- userLastLoginInfo -->
  <testcase name="homePageLandingPage" time="0.0" classname="testcase.HomePageTestCase">
    <ignored/>
  </testcase> <!-- homePageLandingPage -->
</testsuite> <!-- SanityTest -->
